[debug] ----------------------------------------------------------------------
[debug] Command:      /usr/bin/nodejs /usr/local/bin/firebase serve
[debug] CLI Version:  3.6.1
[debug] Platform:     linux
[debug] Node Version: v4.2.6
[debug] Time:         Tue Apr 25 2017 18:18:50 GMT+0530 (IST)
[debug] ----------------------------------------------------------------------
[debug] 
[debug] > command requires scopes: ["email","openid","https://www.googleapis.com/auth/cloudplatformprojects.readonly","https://www.googleapis.com/auth/firebase","https://www.googleapis.com/auth/cloud-platform"]
[debug] >>> HTTP REQUEST GET https://admin.firebase.com/v1/projects/replay-inventory-platform  
 Tue Apr 25 2017 18:18:50 GMT+0530 (IST)
[debug] <<< HTTP RESPONSE 200
[debug] >>> HTTP REQUEST GET https://admin.firebase.com/v1/database/replay-inventory-platform/tokens  
 Tue Apr 25 2017 18:18:54 GMT+0530 (IST)
[debug] <<< HTTP RESPONSE 200
[info] Starting Firebase development server...
[info] 
[info] Project Directory: /home/nandhu/Production/FrontEnd/DashBoard/Dashboard
[debug] >>> HTTP REQUEST GET https://cloudresourcemanager.googleapis.com/v1/projects/replay-inventory-platform  
 Tue Apr 25 2017 18:18:55 GMT+0530 (IST)
[debug] <<< HTTP RESPONSE 200
[debug] >>> HTTP REQUEST GET https://mobilesdk-pa.googleapis.com/v1/projects/287811828458/clients/_:getWebAppConfig  
 Tue Apr 25 2017 18:18:57 GMT+0530 (IST)
[debug] <<< HTTP RESPONSE 200
[info] Public Directory: public
[info] 
[info] Server listening at: http://localhost:5000
